24
1
null device 
          1 
null device 
          1 
[1] 728
[1] 565
[1] "Log file set to stats/summaryStats.ndjson"
{"timestamp": "2021-05-25T07:12:55-0400", "log_lvl": "INFO", "log_msg": "Podping hive __DBLQUOTE__custom json__DBLQUOTE__ post report for the last 59.4 minutes :__LF__	Post count is 180 (3.03 posts/min)__LF__	Total urls posted is 728 of which 565 are unique__LF__		(average of 4.04 urls/post)__LF__	All other __DBLQUOTE__custom json__DBLQUOTE__ hive post count is 30489 (513.28 posts/min)__LF__	Podping portion of all __DBLQUOTE__custom json__DBLQUOTE__ posts on hive.io is 0.58691%__LF__#podping #Stats"}
Not tooting to mastodon while testing
1
1
null device 
          1 
null device 
          1 
[1] 733
[1] 570
[1] "Log file set to stats/summaryStats.ndjson"
{"timestamp": "2021-05-25T07:14:00-0400", "log_lvl": "INFO", "log_msg": "Podping hive __DBLQUOTE__custom json__DBLQUOTE__ post report for the last  hour :__LF__	Post count is 181 (3.01 posts/min)__LF__	Total urls posted is 733 of which 570 are unique__LF__		(average of 4.05 urls/post)__LF__	All other __DBLQUOTE__custom json__DBLQUOTE__ hive post count is 30417 (506.53 posts/min)__LF__	Podping portion of all __DBLQUOTE__custom json__DBLQUOTE__ posts on hive.io is 0.59154%__LF__#podping #Stats"}
Not tooting to mastodon while testing
1
null device 
          1 
null device 
          1 
[1] 723
[1] 573
[1] "Log file set to stats/summaryStats.ndjson"
{"timestamp": "2021-05-25T07:22:12-0400", "log_lvl": "INFO", "log_msg": "Podping hive __DBLQUOTE__custom json__DBLQUOTE__ post report for the last 59.7 minutes :__LF__	Post count is 180 (3.02 posts/min)__LF__	Total urls posted is 723 of which 573 are unique__LF__		(average of 4.02 urls/post)__LF__	All other __DBLQUOTE__custom json__DBLQUOTE__ hive post count is 30104 (504.25 posts/min)__LF__	Podping portion of all __DBLQUOTE__custom json__DBLQUOTE__ posts on hive.io is 0.59437%__LF__#podping #Stats"}
Posting to https://podcastindex.social
<Response [200]>
1
1
null device 
          1 
[1] 733
[1] 593
1
null device 
          1 
[1] 730
[1] 594
[1] "Log file set to stats/summaryStats.ndjson"
{"timestamp": "2021-05-25T07:29:44-0400", "log_lvl": "INFO", "log_msg": "Podping hive __DBLQUOTE__custom json__DBLQUOTE__ post report for the last 59.8 minutes :__LF__	Post count is 182 (3.05 posts/min)__LF__	Total urls posted is 730 of which 594 are unique__LF__		(average of 4.01 urls/post)__LF__	__LF__#podping #Stats"}
Posting to https://podcastindex.social
<Response [200]>
1
1
null device 
          1 
[1] 746
[1] 611
[1] "Log file set to stats/summaryStats.ndjson"
{"timestamp": "2021-05-25T07:34:22-0400", "log_lvl": "INFO", "log_msg": "Podping hive __DBLQUOTE__custom json__DBLQUOTE__ post report for the last 59.8 minutes :__LF__	Post count is 183 (3.06 posts/min)__LF__	Total urls posted is 746 of which 611 are unique__LF__		(average of 4.08 urls/post)__LF__	#podping #Stats"}
Posting to https://podcastindex.social
<Response [200]>

1
1
null device 
          1 
[1] 749
[1] 617
[1] "Log file set to stats/summaryStats.ndjson"
{"timestamp": "2021-05-25T07:37:27-0400", "log_lvl": "INFO", "log_msg": "Podping hive __DBLQUOTE__custom json__DBLQUOTE__ post report for the last 59.5 minutes :__LF__	Post count is 183 (3.08 posts/min)__LF__	Total urls posted is 749 of which 617 are unique__LF__		(average of 4.09 urls/post)__LF__	#podping #Stats"}
